<?xml version="1.0" encoding="UTF-8"?>
<!-- Generated by org.testng.reporters.JUnitReportReporter -->
<testsuite name="tests.MessagesTest" tests="11" time="417.336" ignored="81" failures="0" timestamp="12 May 2017 00:05:34 GMT" skipped="0" hostname="TAC-45" errors="1">
  <testcase name="playMessage" time="46.254" classname="tests.MessagesTest">
    <error type="org.openqa.selenium.TimeoutException" message="Expected condition failed: waiting for presence of element located by: By.xpath: //android.widget.ImageButton[@index=&#039;0&#039; and @resource-id=&#039;com.youmail.android.vvm:id/pause&#039;] (tried for 20 second(s) with 500 MILLISECONDS interval)
Build info: version: &#039;3.0.1&#039;, revision: &#039;1969d75&#039;, time: &#039;2016-10-18 09:48:19 -0700&#039;
System info: host: &#039;TAC-45&#039;, ip: &#039;10.3.184.68&#039;, os.name: &#039;Windows 10&#039;, os.arch: &#039;amd64&#039;, os.version: &#039;10.0&#039;, java.version: &#039;1.8.0_111&#039;
Driver info: io.appium.java_client.android.AndroidDriver
Capabilities [{appPackage=com.youmail.android.vvm, noReset=true, deviceName=Android, platform=ANY, appActivity=com.youmail.android.vvm.activity.Splash, autoLaunch=true, newCommandTimeout=0, platformVersion=7.0, automationName=uiautomator2, full-reset=false, browserName=Android, platformName=Android, autoAcceptAlerts=true}]
Session ID: 84de3422-0dbe-43e8-8333-0f3a696b8d3e">
      <![CDATA[org.openqa.selenium.TimeoutException: Expected condition failed: waiting for presence of element located by: By.xpath: //android.widget.ImageButton[@index='0' and @resource-id='com.youmail.android.vvm:id/pause'] (tried for 20 second(s) with 500 MILLISECONDS interval)
Build info: version: '3.0.1', revision: '1969d75', time: '2016-10-18 09:48:19 -0700'
System info: host: 'TAC-45', ip: '10.3.184.68', os.name: 'Windows 10', os.arch: 'amd64', os.version: '10.0', java.version: '1.8.0_111'
Driver info: io.appium.java_client.android.AndroidDriver
Capabilities [{appPackage=com.youmail.android.vvm, noReset=true, deviceName=Android, platform=ANY, appActivity=com.youmail.android.vvm.activity.Splash, autoLaunch=true, newCommandTimeout=0, platformVersion=7.0, automationName=uiautomator2, full-reset=false, browserName=Android, platformName=Android, autoAcceptAlerts=true}]
Session ID: 84de3422-0dbe-43e8-8333-0f3a696b8d3e
	at org.openqa.selenium.support.ui.WebDriverWait.timeoutException(WebDriverWait.java:80)
	at org.openqa.selenium.support.ui.FluentWait.until(FluentWait.java:265)
	at settings.Helper.waitForPresent(Helper.java:28)
	at screens.MessagesScreen.playMessage(MessagesScreen.java:123)
	at tests.MessagesTest.playMessage(MessagesTest.java:43)
	at sun.reflect.NativeMethodAccessorImpl.invoke0(Native Method)
	at sun.reflect.NativeMethodAccessorImpl.invoke(NativeMethodAccessorImpl.java:62)
	at sun.reflect.DelegatingMethodAccessorImpl.invoke(DelegatingMethodAccessorImpl.java:43)
	at java.lang.reflect.Method.invoke(Method.java:498)
	at org.testng.internal.MethodInvocationHelper.invokeMethod(MethodInvocationHelper.java:104)
	at org.testng.internal.Invoker.invokeMethod(Invoker.java:645)
	at org.testng.internal.Invoker.invokeTestMethod(Invoker.java:851)
	at org.testng.internal.Invoker.invokeTestMethods(Invoker.java:1177)
	at org.testng.internal.TestMethodWorker.invokeTestMethods(TestMethodWorker.java:129)
	at org.testng.internal.TestMethodWorker.run(TestMethodWorker.java:112)
	at org.testng.TestRunner.privateRun(TestRunner.java:756)
	at org.testng.TestRunner.run(TestRunner.java:610)
	at org.testng.SuiteRunner.runTest(SuiteRunner.java:387)
	at org.testng.SuiteRunner.runSequentially(SuiteRunner.java:382)
	at org.testng.SuiteRunner.privateRun(SuiteRunner.java:340)
	at org.testng.SuiteRunner.run(SuiteRunner.java:289)
	at org.testng.SuiteRunnerWorker.runSuite(SuiteRunnerWorker.java:52)
	at org.testng.SuiteRunnerWorker.run(SuiteRunnerWorker.java:86)
	at org.testng.TestNG.runSuitesSequentially(TestNG.java:1293)
	at org.testng.TestNG.runSuitesSequentially(TestNG.java:1289)
	at org.testng.TestNG.runSuitesLocally(TestNG.java:1218)
	at org.testng.TestNG.runSuites(TestNG.java:1133)
	at org.testng.TestNG.run(TestNG.java:1104)
	at org.testng.IDEARemoteTestNG.run(IDEARemoteTestNG.java:72)
	at org.testng.RemoteTestNGStarter.main(RemoteTestNGStarter.java:127)
	at sun.reflect.NativeMethodAccessorImpl.invoke0(Native Method)
	at sun.reflect.NativeMethodAccessorImpl.invoke(NativeMethodAccessorImpl.java:62)
	at sun.reflect.DelegatingMethodAccessorImpl.invoke(DelegatingMethodAccessorImpl.java:43)
	at java.lang.reflect.Method.invoke(Method.java:498)
	at com.intellij.rt.execution.application.AppMain.main(AppMain.java:147)
Caused by: org.openqa.selenium.NoSuchElementException: An element could not be located on the page using the given search parameters. (WARNING: The server did not provide any stacktrace information)
Command duration or timeout: 5.49 seconds
For documentation on this error, please visit: http://seleniumhq.org/exceptions/no_such_element.html
Build info: version: '3.0.1', revision: '1969d75', time: '2016-10-18 09:48:19 -0700'
System info: host: 'TAC-45', ip: '10.3.184.68', os.name: 'Windows 10', os.arch: 'amd64', os.version: '10.0', java.version: '1.8.0_111'
Driver info: io.appium.java_client.android.AndroidDriver
Capabilities [{appPackage=com.youmail.android.vvm, noReset=true, deviceName=Android, platform=ANY, appActivity=com.youmail.android.vvm.activity.Splash, autoLaunch=true, newCommandTimeout=0, platformVersion=7.0, automationName=uiautomator2, full-reset=false, browserName=Android, platformName=Android, autoAcceptAlerts=true}]
Session ID: 84de3422-0dbe-43e8-8333-0f3a696b8d3e
*** Element info: {Using=xpath, value=//android.widget.ImageButton[@index='0' and @resource-id='com.youmail.android.vvm:id/pause']}
	at sun.reflect.GeneratedConstructorAccessor10.newInstance(Unknown Source)
	at sun.reflect.DelegatingConstructorAccessorImpl.newInstance(DelegatingConstructorAccessorImpl.java:45)
	at java.lang.reflect.Constructor.newInstance(Constructor.java:423)
	at org.openqa.selenium.remote.ErrorHandler.createThrowable(ErrorHandler.java:216)
	at org.openqa.selenium.remote.ErrorHandler.throwIfResponseFailed(ErrorHandler.java:168)
	at org.openqa.selenium.remote.RemoteWebDriver.execute(RemoteWebDriver.java:635)
	at io.appium.java_client.DefaultGenericMobileDriver.execute(DefaultGenericMobileDriver.java:40)
	at io.appium.java_client.AppiumDriver.execute(AppiumDriver.java:1)
	at io.appium.java_client.android.AndroidDriver.execute(AndroidDriver.java:1)
	at org.openqa.selenium.remote.RemoteWebDriver.findElement(RemoteWebDriver.java:368)
	at io.appium.java_client.DefaultGenericMobileDriver.findElement(DefaultGenericMobileDriver.java:56)
	at io.appium.java_client.AppiumDriver.findElement(AppiumDriver.java:1)
	at io.appium.java_client.android.AndroidDriver.findElement(AndroidDriver.java:1)
	at org.openqa.selenium.remote.RemoteWebDriver.findElementByXPath(RemoteWebDriver.java:473)
	at io.appium.java_client.DefaultGenericMobileDriver.findElementByXPath(DefaultGenericMobileDriver.java:134)
	at io.appium.java_client.AppiumDriver.findElementByXPath(AppiumDriver.java:1)
	at io.appium.java_client.android.AndroidDriver.findElementByXPath(AndroidDriver.java:1)
	at org.openqa.selenium.By$ByXPath.findElement(By.java:361)
	at org.openqa.selenium.remote.RemoteWebDriver.findElement(RemoteWebDriver.java:360)
	at io.appium.java_client.DefaultGenericMobileDriver.findElement(DefaultGenericMobileDriver.java:52)
	at io.appium.java_client.AppiumDriver.findElement(AppiumDriver.java:1)
	at io.appium.java_client.android.AndroidDriver.findElement(AndroidDriver.java:1)
	at org.openqa.selenium.support.ui.ExpectedConditions.findElement(ExpectedConditions.java:895)
	at org.openqa.selenium.support.ui.ExpectedConditions.access$000(ExpectedConditions.java:41)
	at org.openqa.selenium.support.ui.ExpectedConditions$6.apply(ExpectedConditions.java:181)
	at org.openqa.selenium.support.ui.ExpectedConditions$6.apply(ExpectedConditions.java:178)
	at org.openqa.selenium.support.ui.FluentWait.until(FluentWait.java:238)
	... 33 more
]]>
    </error>
  </testcase> <!-- playMessage -->
  <testcase name="openMessage" time="54.180" classname="tests.MessagesTest"/>
  <testcase name="textSender" time="4.246" classname="tests.MessagesTest"/>
  <testcase name="loadMoreMessages" time="23.145" classname="tests.MessagesTest"/>
  <testcase name="openMessage" time="52.056" classname="tests.MessagesTest"/>
  <testcase name="openMessage" time="53.056" classname="tests.MessagesTest"/>
  <testcase name="openMessage" time="52.216" classname="tests.MessagesTest"/>
  <testcase name="forwardMessage" time="8.833" classname="tests.MessagesTest"/>
  <testcase name="openMessage" time="53.810" classname="tests.MessagesTest"/>
  <testcase name="ditchSender" time="48.306" classname="tests.MessagesTest"/>
  <testcase name="callSender" time="21.234" classname="tests.MessagesTest"/>
  <testcase name="openSmartGreeting" classname="tests.GreetingsTest">
    <skipped/>
  </testcase> <!-- openSmartGreeting -->
  <testcase name="openSmartGreeting" classname="tests.GreetingsTest">
    <skipped/>
  </testcase> <!-- openSmartGreeting -->
  <testcase name="openSmartGreeting" classname="tests.GreetingsTest">
    <skipped/>
  </testcase> <!-- openSmartGreeting -->
  <testcase name="openSmartGreeting" classname="tests.GreetingsTest">
    <skipped/>
  </testcase> <!-- openSmartGreeting -->
  <testcase name="openSmartGreeting" classname="tests.GreetingsTest">
    <skipped/>
  </testcase> <!-- openSmartGreeting -->
  <testcase name="addContactToGreeting" classname="tests.GreetingsTest">
    <skipped/>
  </testcase> <!-- addContactToGreeting -->
  <testcase name="addContactToGreeting" classname="tests.GreetingsTest">
    <skipped/>
  </testcase> <!-- addContactToGreeting -->
  <testcase name="addContactToGreeting" classname="tests.GreetingsTest">
    <skipped/>
  </testcase> <!-- addContactToGreeting -->
  <testcase name="addContactToGreeting" classname="tests.GreetingsTest">
    <skipped/>
  </testcase> <!-- addContactToGreeting -->
  <testcase name="addContactToGreeting" classname="tests.GreetingsTest">
    <skipped/>
  </testcase> <!-- addContactToGreeting -->
  <testcase name="setAsMainGreeting" classname="tests.GreetingsTest">
    <skipped/>
  </testcase> <!-- setAsMainGreeting -->
  <testcase name="setAsMainGreeting" classname="tests.GreetingsTest">
    <skipped/>
  </testcase> <!-- setAsMainGreeting -->
  <testcase name="setAsMainGreeting" classname="tests.GreetingsTest">
    <skipped/>
  </testcase> <!-- setAsMainGreeting -->
  <testcase name="setAsMainGreeting" classname="tests.GreetingsTest">
    <skipped/>
  </testcase> <!-- setAsMainGreeting -->
  <testcase name="setAsMainGreeting" classname="tests.GreetingsTest">
    <skipped/>
  </testcase> <!-- setAsMainGreeting -->
  <testcase name="openTestGreeting" classname="tests.GreetingsTest">
    <skipped/>
  </testcase> <!-- openTestGreeting -->
  <testcase name="openTestGreeting" classname="tests.GreetingsTest">
    <skipped/>
  </testcase> <!-- openTestGreeting -->
  <testcase name="openTestGreeting" classname="tests.GreetingsTest">
    <skipped/>
  </testcase> <!-- openTestGreeting -->
  <testcase name="openTestGreeting" classname="tests.GreetingsTest">
    <skipped/>
  </testcase> <!-- openTestGreeting -->
  <testcase name="recordGreeting" classname="tests.GreetingsTest">
    <skipped/>
  </testcase> <!-- recordGreeting -->
  <testcase name="recordGreeting" classname="tests.GreetingsTest">
    <skipped/>
  </testcase> <!-- recordGreeting -->
  <testcase name="recordGreeting" classname="tests.GreetingsTest">
    <skipped/>
  </testcase> <!-- recordGreeting -->
  <testcase name="recordGreeting" classname="tests.GreetingsTest">
    <skipped/>
  </testcase> <!-- recordGreeting -->
  <testcase name="recordGreeting" classname="tests.GreetingsTest">
    <skipped/>
  </testcase> <!-- recordGreeting -->
  <testcase name="playGreeting" classname="tests.GreetingsTest">
    <skipped/>
  </testcase> <!-- playGreeting -->
  <testcase name="playGreeting" classname="tests.GreetingsTest">
    <skipped/>
  </testcase> <!-- playGreeting -->
  <testcase name="playGreeting" classname="tests.GreetingsTest">
    <skipped/>
  </testcase> <!-- playGreeting -->
  <testcase name="playGreeting" classname="tests.GreetingsTest">
    <skipped/>
  </testcase> <!-- playGreeting -->
  <testcase name="deleteGreeting" classname="tests.GreetingsTest">
    <skipped/>
  </testcase> <!-- deleteGreeting -->
  <testcase name="deleteGreeting" classname="tests.GreetingsTest">
    <skipped/>
  </testcase> <!-- deleteGreeting -->
  <testcase name="deleteGreeting" classname="tests.GreetingsTest">
    <skipped/>
  </testcase> <!-- deleteGreeting -->
  <testcase name="deleteGreeting" classname="tests.GreetingsTest">
    <skipped/>
  </testcase> <!-- deleteGreeting -->
  <testcase name="deleteGreeting" classname="tests.GreetingsTest">
    <skipped/>
  </testcase> <!-- deleteGreeting -->
  <testcase name="signInNegative" classname="tests.SignInTest">
    <skipped/>
  </testcase> <!-- signInNegative -->
  <testcase name="callSender" classname="tests.MessagesTest">
    <skipped/>
  </testcase> <!-- callSender -->
  <testcase name="callSender" classname="tests.MessagesTest">
    <skipped/>
  </testcase> <!-- callSender -->
  <testcase name="callSender" classname="tests.MessagesTest">
    <skipped/>
  </testcase> <!-- callSender -->
  <testcase name="callSender" classname="tests.MessagesTest">
    <skipped/>
  </testcase> <!-- callSender -->
  <testcase name="callSender" classname="tests.MessagesTest">
    <skipped/>
  </testcase> <!-- callSender -->
  <testcase name="openMessage" classname="tests.MessagesTest">
    <skipped/>
  </testcase> <!-- openMessage -->
  <testcase name="ditchSender" classname="tests.MessagesTest">
    <skipped/>
  </testcase> <!-- ditchSender -->
  <testcase name="ditchSender" classname="tests.MessagesTest">
    <skipped/>
  </testcase> <!-- ditchSender -->
  <testcase name="ditchSender" classname="tests.MessagesTest">
    <skipped/>
  </testcase> <!-- ditchSender -->
  <testcase name="ditchSender" classname="tests.MessagesTest">
    <skipped/>
  </testcase> <!-- ditchSender -->
  <testcase name="ditchSender" classname="tests.MessagesTest">
    <skipped/>
  </testcase> <!-- ditchSender -->
  <testcase name="forwardMessage" classname="tests.MessagesTest">
    <skipped/>
  </testcase> <!-- forwardMessage -->
  <testcase name="forwardMessage" classname="tests.MessagesTest">
    <skipped/>
  </testcase> <!-- forwardMessage -->
  <testcase name="forwardMessage" classname="tests.MessagesTest">
    <skipped/>
  </testcase> <!-- forwardMessage -->
  <testcase name="forwardMessage" classname="tests.MessagesTest">
    <skipped/>
  </testcase> <!-- forwardMessage -->
  <testcase name="forwardMessage" classname="tests.MessagesTest">
    <skipped/>
  </testcase> <!-- forwardMessage -->
  <testcase name="playMessage" classname="tests.MessagesTest">
    <skipped/>
  </testcase> <!-- playMessage -->
  <testcase name="playMessage" classname="tests.MessagesTest">
    <skipped/>
  </testcase> <!-- playMessage -->
  <testcase name="playMessage" classname="tests.MessagesTest">
    <skipped/>
  </testcase> <!-- playMessage -->
  <testcase name="playMessage" classname="tests.MessagesTest">
    <skipped/>
  </testcase> <!-- playMessage -->
  <testcase name="playMessage" classname="tests.MessagesTest">
    <skipped/>
  </testcase> <!-- playMessage -->
  <testcase name="loadMoreMessages" classname="tests.MessagesTest">
    <skipped/>
  </testcase> <!-- loadMoreMessages -->
  <testcase name="loadMoreMessages" classname="tests.MessagesTest">
    <skipped/>
  </testcase> <!-- loadMoreMessages -->
  <testcase name="loadMoreMessages" classname="tests.MessagesTest">
    <skipped/>
  </testcase> <!-- loadMoreMessages -->
  <testcase name="loadMoreMessages" classname="tests.MessagesTest">
    <skipped/>
  </testcase> <!-- loadMoreMessages -->
  <testcase name="loadMoreMessages" classname="tests.MessagesTest">
    <skipped/>
  </testcase> <!-- loadMoreMessages -->
  <testcase name="textSender" classname="tests.MessagesTest">
    <skipped/>
  </testcase> <!-- textSender -->
  <testcase name="textSender" classname="tests.MessagesTest">
    <skipped/>
  </testcase> <!-- textSender -->
  <testcase name="textSender" classname="tests.MessagesTest">
    <skipped/>
  </testcase> <!-- textSender -->
  <testcase name="textSender" classname="tests.MessagesTest">
    <skipped/>
  </testcase> <!-- textSender -->
  <testcase name="textSender" classname="tests.MessagesTest">
    <skipped/>
  </testcase> <!-- textSender -->
  <testcase name="textContact" classname="tests.ContactsTest">
    <skipped/>
  </testcase> <!-- textContact -->
  <testcase name="ditchContact" classname="tests.ContactsTest">
    <skipped/>
  </testcase> <!-- ditchContact -->
  <testcase name="createContact" classname="tests.ContactsTest">
    <skipped/>
  </testcase> <!-- createContact -->
  <testcase name="dropVmToContact" classname="tests.ContactsTest">
    <skipped/>
  </testcase> <!-- dropVmToContact -->
  <testcase name="ditchEntry" classname="tests.HistoryTest">
    <skipped/>
  </testcase> <!-- ditchEntry -->
  <testcase name="ditchEntry" classname="tests.HistoryTest">
    <skipped/>
  </testcase> <!-- ditchEntry -->
  <testcase name="ditchEntry" classname="tests.HistoryTest">
    <skipped/>
  </testcase> <!-- ditchEntry -->
  <testcase name="forwardEntry" classname="tests.HistoryTest">
    <skipped/>
  </testcase> <!-- forwardEntry -->
  <testcase name="forwardEntry" classname="tests.HistoryTest">
    <skipped/>
  </testcase> <!-- forwardEntry -->
  <testcase name="forwardEntry" classname="tests.HistoryTest">
    <skipped/>
  </testcase> <!-- forwardEntry -->
  <testcase name="callEntry" classname="tests.HistoryTest">
    <skipped/>
  </testcase> <!-- callEntry -->
  <testcase name="callEntry" classname="tests.HistoryTest">
    <skipped/>
  </testcase> <!-- callEntry -->
  <testcase name="callEntry" classname="tests.HistoryTest">
    <skipped/>
  </testcase> <!-- callEntry -->
  <testcase name="textEntry" classname="tests.HistoryTest">
    <skipped/>
  </testcase> <!-- textEntry -->
  <testcase name="textEntry" classname="tests.HistoryTest">
    <skipped/>
  </testcase> <!-- textEntry -->
  <testcase name="textEntry" classname="tests.HistoryTest">
    <skipped/>
  </testcase> <!-- textEntry -->
</testsuite> <!-- tests.MessagesTest -->
