<?xml version="1.0" encoding="UTF-8"?>
<!-- Generated by org.testng.reporters.JUnitReportReporter -->
<testsuite name="tests.HistoryTest" tests="8" time="193.022" ignored="81" failures="0" timestamp="12 May 2017 00:05:34 GMT" skipped="0" hostname="TAC-45" errors="0">
  <testcase name="forwardEntry" time="1.349" classname="tests.HistoryTest"/>
  <testcase name="textEntry" time="2.348" classname="tests.HistoryTest"/>
  <testcase name="openEntry" time="31.338" classname="tests.HistoryTest"/>
  <testcase name="ditchEntry" time="46.507" classname="tests.HistoryTest"/>
  <testcase name="callEntry" time="19.450" classname="tests.HistoryTest"/>
  <testcase name="openEntry" time="30.129" classname="tests.HistoryTest"/>
  <testcase name="openEntry" time="30.902" classname="tests.HistoryTest"/>
  <testcase name="openEntry" time="30.999" classname="tests.HistoryTest"/>
  <testcase name="openSmartGreeting" classname="tests.GreetingsTest">
    <skipped/>
  </testcase> <!-- openSmartGreeting -->
  <testcase name="openSmartGreeting" classname="tests.GreetingsTest">
    <skipped/>
  </testcase> <!-- openSmartGreeting -->
  <testcase name="openSmartGreeting" classname="tests.GreetingsTest">
    <skipped/>
  </testcase> <!-- openSmartGreeting -->
  <testcase name="openSmartGreeting" classname="tests.GreetingsTest">
    <skipped/>
  </testcase> <!-- openSmartGreeting -->
  <testcase name="openSmartGreeting" classname="tests.GreetingsTest">
    <skipped/>
  </testcase> <!-- openSmartGreeting -->
  <testcase name="addContactToGreeting" classname="tests.GreetingsTest">
    <skipped/>
  </testcase> <!-- addContactToGreeting -->
  <testcase name="addContactToGreeting" classname="tests.GreetingsTest">
    <skipped/>
  </testcase> <!-- addContactToGreeting -->
  <testcase name="addContactToGreeting" classname="tests.GreetingsTest">
    <skipped/>
  </testcase> <!-- addContactToGreeting -->
  <testcase name="addContactToGreeting" classname="tests.GreetingsTest">
    <skipped/>
  </testcase> <!-- addContactToGreeting -->
  <testcase name="addContactToGreeting" classname="tests.GreetingsTest">
    <skipped/>
  </testcase> <!-- addContactToGreeting -->
  <testcase name="setAsMainGreeting" classname="tests.GreetingsTest">
    <skipped/>
  </testcase> <!-- setAsMainGreeting -->
  <testcase name="setAsMainGreeting" classname="tests.GreetingsTest">
    <skipped/>
  </testcase> <!-- setAsMainGreeting -->
  <testcase name="setAsMainGreeting" classname="tests.GreetingsTest">
    <skipped/>
  </testcase> <!-- setAsMainGreeting -->
  <testcase name="setAsMainGreeting" classname="tests.GreetingsTest">
    <skipped/>
  </testcase> <!-- setAsMainGreeting -->
  <testcase name="setAsMainGreeting" classname="tests.GreetingsTest">
    <skipped/>
  </testcase> <!-- setAsMainGreeting -->
  <testcase name="openTestGreeting" classname="tests.GreetingsTest">
    <skipped/>
  </testcase> <!-- openTestGreeting -->
  <testcase name="openTestGreeting" classname="tests.GreetingsTest">
    <skipped/>
  </testcase> <!-- openTestGreeting -->
  <testcase name="openTestGreeting" classname="tests.GreetingsTest">
    <skipped/>
  </testcase> <!-- openTestGreeting -->
  <testcase name="openTestGreeting" classname="tests.GreetingsTest">
    <skipped/>
  </testcase> <!-- openTestGreeting -->
  <testcase name="recordGreeting" classname="tests.GreetingsTest">
    <skipped/>
  </testcase> <!-- recordGreeting -->
  <testcase name="recordGreeting" classname="tests.GreetingsTest">
    <skipped/>
  </testcase> <!-- recordGreeting -->
  <testcase name="recordGreeting" classname="tests.GreetingsTest">
    <skipped/>
  </testcase> <!-- recordGreeting -->
  <testcase name="recordGreeting" classname="tests.GreetingsTest">
    <skipped/>
  </testcase> <!-- recordGreeting -->
  <testcase name="recordGreeting" classname="tests.GreetingsTest">
    <skipped/>
  </testcase> <!-- recordGreeting -->
  <testcase name="playGreeting" classname="tests.GreetingsTest">
    <skipped/>
  </testcase> <!-- playGreeting -->
  <testcase name="playGreeting" classname="tests.GreetingsTest">
    <skipped/>
  </testcase> <!-- playGreeting -->
  <testcase name="playGreeting" classname="tests.GreetingsTest">
    <skipped/>
  </testcase> <!-- playGreeting -->
  <testcase name="playGreeting" classname="tests.GreetingsTest">
    <skipped/>
  </testcase> <!-- playGreeting -->
  <testcase name="deleteGreeting" classname="tests.GreetingsTest">
    <skipped/>
  </testcase> <!-- deleteGreeting -->
  <testcase name="deleteGreeting" classname="tests.GreetingsTest">
    <skipped/>
  </testcase> <!-- deleteGreeting -->
  <testcase name="deleteGreeting" classname="tests.GreetingsTest">
    <skipped/>
  </testcase> <!-- deleteGreeting -->
  <testcase name="deleteGreeting" classname="tests.GreetingsTest">
    <skipped/>
  </testcase> <!-- deleteGreeting -->
  <testcase name="deleteGreeting" classname="tests.GreetingsTest">
    <skipped/>
  </testcase> <!-- deleteGreeting -->
  <testcase name="signInNegative" classname="tests.SignInTest">
    <skipped/>
  </testcase> <!-- signInNegative -->
  <testcase name="callSender" classname="tests.MessagesTest">
    <skipped/>
  </testcase> <!-- callSender -->
  <testcase name="callSender" classname="tests.MessagesTest">
    <skipped/>
  </testcase> <!-- callSender -->
  <testcase name="callSender" classname="tests.MessagesTest">
    <skipped/>
  </testcase> <!-- callSender -->
  <testcase name="callSender" classname="tests.MessagesTest">
    <skipped/>
  </testcase> <!-- callSender -->
  <testcase name="callSender" classname="tests.MessagesTest">
    <skipped/>
  </testcase> <!-- callSender -->
  <testcase name="openMessage" classname="tests.MessagesTest">
    <skipped/>
  </testcase> <!-- openMessage -->
  <testcase name="ditchSender" classname="tests.MessagesTest">
    <skipped/>
  </testcase> <!-- ditchSender -->
  <testcase name="ditchSender" classname="tests.MessagesTest">
    <skipped/>
  </testcase> <!-- ditchSender -->
  <testcase name="ditchSender" classname="tests.MessagesTest">
    <skipped/>
  </testcase> <!-- ditchSender -->
  <testcase name="ditchSender" classname="tests.MessagesTest">
    <skipped/>
  </testcase> <!-- ditchSender -->
  <testcase name="ditchSender" classname="tests.MessagesTest">
    <skipped/>
  </testcase> <!-- ditchSender -->
  <testcase name="forwardMessage" classname="tests.MessagesTest">
    <skipped/>
  </testcase> <!-- forwardMessage -->
  <testcase name="forwardMessage" classname="tests.MessagesTest">
    <skipped/>
  </testcase> <!-- forwardMessage -->
  <testcase name="forwardMessage" classname="tests.MessagesTest">
    <skipped/>
  </testcase> <!-- forwardMessage -->
  <testcase name="forwardMessage" classname="tests.MessagesTest">
    <skipped/>
  </testcase> <!-- forwardMessage -->
  <testcase name="forwardMessage" classname="tests.MessagesTest">
    <skipped/>
  </testcase> <!-- forwardMessage -->
  <testcase name="playMessage" classname="tests.MessagesTest">
    <skipped/>
  </testcase> <!-- playMessage -->
  <testcase name="playMessage" classname="tests.MessagesTest">
    <skipped/>
  </testcase> <!-- playMessage -->
  <testcase name="playMessage" classname="tests.MessagesTest">
    <skipped/>
  </testcase> <!-- playMessage -->
  <testcase name="playMessage" classname="tests.MessagesTest">
    <skipped/>
  </testcase> <!-- playMessage -->
  <testcase name="playMessage" classname="tests.MessagesTest">
    <skipped/>
  </testcase> <!-- playMessage -->
  <testcase name="loadMoreMessages" classname="tests.MessagesTest">
    <skipped/>
  </testcase> <!-- loadMoreMessages -->
  <testcase name="loadMoreMessages" classname="tests.MessagesTest">
    <skipped/>
  </testcase> <!-- loadMoreMessages -->
  <testcase name="loadMoreMessages" classname="tests.MessagesTest">
    <skipped/>
  </testcase> <!-- loadMoreMessages -->
  <testcase name="loadMoreMessages" classname="tests.MessagesTest">
    <skipped/>
  </testcase> <!-- loadMoreMessages -->
  <testcase name="loadMoreMessages" classname="tests.MessagesTest">
    <skipped/>
  </testcase> <!-- loadMoreMessages -->
  <testcase name="textSender" classname="tests.MessagesTest">
    <skipped/>
  </testcase> <!-- textSender -->
  <testcase name="textSender" classname="tests.MessagesTest">
    <skipped/>
  </testcase> <!-- textSender -->
  <testcase name="textSender" classname="tests.MessagesTest">
    <skipped/>
  </testcase> <!-- textSender -->
  <testcase name="textSender" classname="tests.MessagesTest">
    <skipped/>
  </testcase> <!-- textSender -->
  <testcase name="textSender" classname="tests.MessagesTest">
    <skipped/>
  </testcase> <!-- textSender -->
  <testcase name="textContact" classname="tests.ContactsTest">
    <skipped/>
  </testcase> <!-- textContact -->
  <testcase name="ditchContact" classname="tests.ContactsTest">
    <skipped/>
  </testcase> <!-- ditchContact -->
  <testcase name="createContact" classname="tests.ContactsTest">
    <skipped/>
  </testcase> <!-- createContact -->
  <testcase name="dropVmToContact" classname="tests.ContactsTest">
    <skipped/>
  </testcase> <!-- dropVmToContact -->
  <testcase name="ditchEntry" classname="tests.HistoryTest">
    <skipped/>
  </testcase> <!-- ditchEntry -->
  <testcase name="ditchEntry" classname="tests.HistoryTest">
    <skipped/>
  </testcase> <!-- ditchEntry -->
  <testcase name="ditchEntry" classname="tests.HistoryTest">
    <skipped/>
  </testcase> <!-- ditchEntry -->
  <testcase name="forwardEntry" classname="tests.HistoryTest">
    <skipped/>
  </testcase> <!-- forwardEntry -->
  <testcase name="forwardEntry" classname="tests.HistoryTest">
    <skipped/>
  </testcase> <!-- forwardEntry -->
  <testcase name="forwardEntry" classname="tests.HistoryTest">
    <skipped/>
  </testcase> <!-- forwardEntry -->
  <testcase name="callEntry" classname="tests.HistoryTest">
    <skipped/>
  </testcase> <!-- callEntry -->
  <testcase name="callEntry" classname="tests.HistoryTest">
    <skipped/>
  </testcase> <!-- callEntry -->
  <testcase name="callEntry" classname="tests.HistoryTest">
    <skipped/>
  </testcase> <!-- callEntry -->
  <testcase name="textEntry" classname="tests.HistoryTest">
    <skipped/>
  </testcase> <!-- textEntry -->
  <testcase name="textEntry" classname="tests.HistoryTest">
    <skipped/>
  </testcase> <!-- textEntry -->
  <testcase name="textEntry" classname="tests.HistoryTest">
    <skipped/>
  </testcase> <!-- textEntry -->
</testsuite> <!-- tests.HistoryTest -->
